<?xml version="1.0" encoding="UTF-8"?>
<testng-results ignored="0" total="1" passed="1" failed="0" skipped="0">
  <reporter-output>
  </reporter-output>
  <suite started-at="2020-09-25T16:07:15 IST" name="Suite" finished-at="2020-09-25T16:07:38 IST" duration-ms="22242">
    <groups>
    </groups>
    <test started-at="2020-09-25T16:07:15 IST" name="Test" finished-at="2020-09-25T16:07:38 IST" duration-ms="22242">
      <class name="Testcases.TestClass">
        <test-method is-config="true" signature="BeforeSuite()[pri:0, instance:Testcases.TestClass@7c0c77c7]" started-at="2020-09-25T16:07:15 IST" name="BeforeSuite" finished-at="2020-09-25T16:07:15 IST" duration-ms="275" status="PASS">
          <reporter-output>
          </reporter-output>
        </test-method> <!-- BeforeSuite -->
        <test-method is-config="true" signature="setup()[pri:0, instance:Testcases.TestClass@7c0c77c7]" started-at="2020-09-25T16:07:15 IST" name="setup" finished-at="2020-09-25T16:07:22 IST" duration-ms="6229" status="PASS">
          <reporter-output>
          </reporter-output>
        </test-method> <!-- setup -->
        <test-method signature="loginPageTest(java.lang.String, java.lang.String)[pri:0, instance:Testcases.TestClass@7c0c77c7]" started-at="2020-09-25T16:07:22 IST" name="loginPageTest" finished-at="2020-09-25T16:07:37 IST" duration-ms="15846" status="PASS">
          <params>
            <param index="0">
              <value>
                <![CDATA[administrator]]>
              </value>
            </param>
            <param index="1">
              <value>
                <![CDATA[Wbcuser_1]]>
              </value>
            </param>
          </params>
          <reporter-output>
          </reporter-output>
        </test-method> <!-- loginPageTest -->
        <test-method is-config="true" signature="tearDown()[pri:0, instance:Testcases.TestClass@7c0c77c7]" started-at="2020-09-25T16:07:37 IST" name="tearDown" finished-at="2020-09-25T16:07:38 IST" duration-ms="135" status="PASS">
          <reporter-output>
          </reporter-output>
        </test-method> <!-- tearDown -->
        <test-method is-config="true" signature="AfterSuite()[pri:0, instance:Testcases.TestClass@7c0c77c7]" started-at="2020-09-25T16:07:38 IST" name="AfterSuite" finished-at="2020-09-25T16:07:38 IST" duration-ms="489" status="PASS">
          <reporter-output>
          </reporter-output>
        </test-method> <!-- AfterSuite -->
      </class> <!-- Testcases.TestClass -->
    </test> <!-- Test -->
  </suite> <!-- Suite -->
</testng-results>
